[    0.000000] Initializing cgroup subsys cpuset
[    0.000000] Initializing cgroup subsys cpu
[    0.000000] Initializing cgroup subsys cpuacct
[    0.000000] Linux version 4.4.0-204-generic (buildd@lgw01-amd64-018) (gcc version 5.4.0 20160609 (Ubuntu 5.4.0-6ubuntu1~16.04.12) ) #236-Ubuntu SMP Fri Feb 19 16:11:27 UTC 2021 (Ubuntu 4.4.0-204.236-generic 4.4.254)
[    0.000000] Command line: BOOT_IMAGE=/boot/vmlinuz-4.4.0-204-generic root=LABEL=cloudimg-rootfs ro console=tty1 console=ttyS0
[    0.000000] KERNEL supported cpus:
[    0.000000]   Intel GenuineIntel
[    0.000000]   AMD AuthenticAMD
[    0.000000]   Centaur CentaurHauls
[    0.000000] x86/fpu: xstate_offset[2]:  576, xstate_sizes[2]:  256
[    0.000000] x86/fpu: Supporting XSAVE feature 0x01: 'x87 floating point registers'
[    0.000000] x86/fpu: Supporting XSAVE feature 0x02: 'SSE registers'
[    0.000000] x86/fpu: Supporting XSAVE feature 0x04: 'AVX registers'
[    0.000000] x86/fpu: Enabled xstate features 0x7, context size is 832 bytes, using 'standard' format.
[    0.000000] e820: BIOS-provided physical RAM map:
[    0.000000] BIOS-e820: [mem 0x0000000000000000-0x000000000009fbff] usable
[    0.000000] BIOS-e820: [mem 0x000000000009fc00-0x000000000009ffff] reserved
[    0.000000] BIOS-e820: [mem 0x00000000000f0000-0x00000000000fffff] reserved
[    0.000000] BIOS-e820: [mem 0x0000000000100000-0x000000003ffeffff] usable
[    0.000000] BIOS-e820: [mem 0x000000003fff0000-0x000000003fffffff] ACPI data
[    0.000000] BIOS-e820: [mem 0x00000000fec00000-0x00000000fec00fff] reserved
[    0.000000] BIOS-e820: [mem 0x00000000fee00000-0x00000000fee00fff] reserved
[    0.000000] BIOS-e820: [mem 0x00000000fffc0000-0x00000000ffffffff] reserved
[    0.000000] NX (Execute Disable) protection: active
[    0.000000] SMBIOS 2.5 present.
[    0.000000] Hypervisor detected: KVM
[    0.000000] Kernel/User page tables isolation: disabled
[    0.000000] e820: last_pfn = 0x3fff0 max_arch_pfn = 0x400000000
[    0.000000] MTRR: Disabled
[    0.000000] x86/PAT: MTRRs disabled, skipping PAT initialization too.
[    0.000000] CPU MTRRs all blank - virtualized system.
[    0.000000] x86/PAT: Configuration [0-7]: WB  WT  UC- UC  WB  WT  UC- UC  
[    0.000000] found SMP MP-table at [mem 0x0009fff0-0x0009ffff] mapped at [ffff88000009fff0]
[    0.000000] Scanning 1 areas for low memory corruption
[    0.000000] RAMDISK: [mem 0x362de000-0x37166fff]
[    0.000000] ACPI: Early table checksum verification disabled
[    0.000000] ACPI: RSDP 0x00000000000E0000 000024 (v02 VBOX  )
[    0.000000] ACPI: XSDT 0x000000003FFF0030 00003C (v01 VBOX   VBOXXSDT 00000001 ASL  00000061)
[    0.000000] ACPI: FACP 0x000000003FFF00F0 0000F4 (v04 VBOX   VBOXFACP 00000001 ASL  00000061)
[    0.000000] ACPI: DSDT 0x000000003FFF0470 002325 (v02 VBOX   VBOXBIOS 00000002 INTL 20100528)
[    0.000000] ACPI: FACS 0x000000003FFF0200 000040
[    0.000000] ACPI: FACS 0x000000003FFF0200 000040
[    0.000000] ACPI: APIC 0x000000003FFF0240 000054 (v02 VBOX   VBOXAPIC 00000001 ASL  00000061)
[    0.000000] ACPI: SSDT 0x000000003FFF02A0 0001CC (v01 VBOX   VBOXCPUT 00000002 INTL 20100528)
[    0.000000] No NUMA configuration found
[    0.000000] Faking a node at [mem 0x0000000000000000-0x000000003ffeffff]
[    0.000000] NODE_DATA(0) allocated [mem 0x3ffeb000-0x3ffeffff]
[    0.000000] kvm-clock: Using msrs 4b564d01 and 4b564d00
[    0.000000] kvm-clock: cpu 0, msr 0:3ffe3001, primary cpu clock
[    0.000000] kvm-clock: using sched offset of 5327845703 cycles
[    0.000000] clocksource: kvm-clock: mask: 0xffffffffffffffff max_cycles: 0x1cd42e4dffb, max_idle_ns: 881590591483 ns
[    0.000000] Zone ranges:
[    0.000000]   DMA      [mem 0x0000000000001000-0x0000000000ffffff]
[    0.000000]   DMA32    [mem 0x0000000001000000-0x000000003ffeffff]
[    0.000000]   Normal   empty
[    0.000000]   Device   empty
[    0.000000] Movable zone start for each node
[    0.000000] Early memory node ranges
[    0.000000]   node   0: [mem 0x0000000000001000-0x000000000009efff]
[    0.000000]   node   0: [mem 0x0000000000100000-0x000000003ffeffff]
[    0.000000] Initmem setup node 0 [mem 0x0000000000001000-0x000000003ffeffff]
[    0.000000] ACPI: PM-Timer IO Port: 0x4008
[    0.000000] IOAPIC[0]: apic_id 1, version 32, address 0xfec00000, GSI 0-23
[    0.000000] ACPI: INT_SRC_OVR (bus 0 bus_irq 0 global_irq 2 dfl dfl)
[    0.000000] ACPI: INT_SRC_OVR (bus 0 bus_irq 9 global_irq 9 low level)
[    0.000000] Using ACPI (MADT) for SMP configuration information
[    0.000000] smpboot: Allowing 1 CPUs, 0 hotplug CPUs
[    0.000000] PM: Registered nosave memory: [mem 0x00000000-0x00000fff]
[    0.000000] PM: Registered nosave memory: [mem 0x0009f000-0x0009ffff]
[    0.000000] PM: Registered nosave memory: [mem 0x000a0000-0x000effff]
[    0.000000] PM: Registered nosave memory: [mem 0x000f0000-0x000fffff]
[    0.000000] e820: [mem 0x40000000-0xfebfffff] available for PCI devices
[    0.000000] Booting paravirtualized kernel on KVM
[    0.000000] clocksource: refined-jiffies: mask: 0xffffffff max_cycles: 0xffffffff, max_idle_ns: 7645519600211568 ns
[    0.000000] setup_percpu: NR_CPUS:512 nr_cpumask_bits:512 nr_cpu_ids:1 nr_node_ids:1
[    0.000000] PERCPU: Embedded 33 pages/cpu @ffff88003fc00000 s95640 r8192 d31336 u2097152
[    0.000000] Built 1 zonelists in Node order, mobility grouping on.  Total pages: 257912
[    0.000000] Policy zone: DMA32
[    0.000000] Kernel command line: BOOT_IMAGE=/boot/vmlinuz-4.4.0-204-generic root=LABEL=cloudimg-rootfs ro console=tty1 console=ttyS0
[    0.000000] PID hash table entries: 4096 (order: 3, 32768 bytes)
[    0.000000] Memory: 997788K/1048120K available (8641K kernel code, 1337K rwdata, 4044K rodata, 1496K init, 1296K bss, 50332K reserved, 0K cma-reserved)
[    0.000000] SLUB: HWalign=64, Order=0-3, MinObjects=0, CPUs=1, Nodes=1
[    0.000000] Hierarchical RCU implementation.
[    0.000000] 	Build-time adjustment of leaf fanout to 64.
[    0.000000] 	RCU restricting CPUs from NR_CPUS=512 to nr_cpu_ids=1.
[    0.000000] RCU: Adjusting geometry for rcu_fanout_leaf=64, nr_cpu_ids=1
[    0.000000] NR_IRQS:33024 nr_irqs:256 16
[    0.000000] Console: colour VGA+ 80x25
[    0.000000] console [tty1] enabled
[    0.000000] console [ttyS0] enabled
[    0.000000] tsc: Detected 1190.402 MHz processor
[    0.397488] Calibrating delay loop (skipped) preset value.. 2380.80 BogoMIPS (lpj=4761608)
[    0.402388] pid_max: default: 32768 minimum: 301
[    0.404780] ACPI: Core revision 20150930
[    0.408760] ACPI: 2 ACPI AML tables successfully acquired and loaded
[    0.411619] Security Framework initialized
[    0.413339] Yama: becoming mindful.
[    0.415564] AppArmor: AppArmor initialized
[    0.418694] Dentry cache hash table entries: 131072 (order: 8, 1048576 bytes)
[    0.423020] Inode-cache hash table entries: 65536 (order: 7, 524288 bytes)
[    0.435527] Mount-cache hash table entries: 2048 (order: 2, 16384 bytes)
[    0.440483] Mountpoint-cache hash table entries: 2048 (order: 2, 16384 bytes)
[    0.445158] Initializing cgroup subsys io
[    0.447612] Initializing cgroup subsys memory
[    0.451122] Initializing cgroup subsys devices
[    0.453522] Initializing cgroup subsys freezer
[    0.455896] Initializing cgroup subsys net_cls
[    0.458077] Initializing cgroup subsys perf_event
[    0.460602] Initializing cgroup subsys net_prio
[    0.462978] Initializing cgroup subsys hugetlb
[    0.465488] Initializing cgroup subsys pids
[    0.473521] mce: CPU supports 0 MCE banks
[    0.476365] process: using mwait in idle threads
[    0.479275] Last level iTLB entries: 4KB 0, 2MB 0, 4MB 0
[    0.481957] Last level dTLB entries: 4KB 0, 2MB 0, 4MB 0, 1GB 0
[    0.487287] Spectre V1 : Mitigation: usercopy/swapgs barriers and __user pointer sanitization
[    0.490562] Spectre V2 : Mitigation: Full generic retpoline
[    0.492758] Spectre V2 : Spectre v2 / SpectreRSB mitigation: Filling RSB on context switch
[    0.497670] Speculative Store Bypass: Vulnerable
[    0.570336] Freeing SMP alternatives memory: 36K
[    0.589992] ftrace: allocating 32368 entries in 127 pages
[    0.775330] smpboot: APIC(0) Converting physical 0 to logical package 0
[    0.778335] smpboot: Max logical packages: 1
[    0.780873] x2apic enabled
[    0.783042] Switched APIC routing to physical x2apic.
[    0.788169] ..TIMER: vector=0x30 apic1=0 pin1=2 apic2=-1 pin2=-1
[    0.898979] smpboot: CPU0: Intel(R) Core(TM) i5-1035G1 CPU @ 1.00GHz (family: 0x6, model: 0x7e, stepping: 0x5)
[    0.905665] Performance Events: unsupported p6 CPU model 126 no PMU driver, software events only.
[    0.935713] KVM setup paravirtual spinlock
[    0.938692] x86: Booted up 1 node, 1 CPUs
[    0.940242] smpboot: Total of 1 processors activated (2380.80 BogoMIPS)
[    0.943230] devtmpfs: initialized
[    0.947026] evm: security.selinux
[    0.948539] evm: security.SMACK64
[    0.949940] evm: security.SMACK64EXEC
[    0.951711] evm: security.SMACK64TRANSMUTE
[    0.953869] evm: security.SMACK64MMAP
[    0.956438] evm: security.ima
[    0.958191] evm: security.capability
[    0.960612] clocksource: jiffies: mask: 0xffffffff max_cycles: 0xffffffff, max_idle_ns: 7645041785100000 ns
[    0.966145] futex hash table entries: 256 (order: 2, 16384 bytes)
[    0.969036] pinctrl core: initialized pinctrl subsystem
[    0.971163] RTC time: 19:18:32, date: 03/20/21
[    0.973643] NET: Registered protocol family 16
[    0.976906] cpuidle: using governor ladder
[    0.978864] cpuidle: using governor menu
[    0.980470] PCCT header not found.
[    0.982707] ACPI: bus type PCI registered
[    0.985095] acpiphp: ACPI Hot Plug PCI Controller Driver version: 0.5
[    0.987868] PCI: Using configuration type 1 for base access
[    1.000493] ACPI: Added _OSI(Module Device)
[    1.002717] ACPI: Added _OSI(Processor Device)
[    1.005135] ACPI: Added _OSI(3.0 _SCP Extensions)
[    1.008330] ACPI: Added _OSI(Processor Aggregator Device)
[    1.013223] ACPI: Executed 1 blocks of module-level executable AML code
[    1.021809] ACPI: Interpreter enabled
[    1.023825] ACPI: (supports S0 S5)
[    1.025944] ACPI: Using IOAPIC for interrupt routing
[    1.028685] PCI: Using host bridge windows from ACPI; if necessary, use "pci=nocrs" and report a bug
[    1.040090] ACPI: PCI Root Bridge [PCI0] (domain 0000 [bus 00-ff])
[    1.042344] acpi PNP0A03:00: _OSC: OS supports [ASPM ClockPM Segments MSI]
[    1.045507] acpi PNP0A03:00: _OSC: not requesting OS control; OS requires [ExtendedConfig ASPM ClockPM MSI]
[    1.049467] acpi PNP0A03:00: fail to add MMCONFIG information, can't access extended PCI configuration space under this bridge.
[    1.054285] PCI host bridge to bus 0000:00
[    1.056530] pci_bus 0000:00: root bus resource [io  0x0000-0x0cf7 window]
[    1.058864] pci_bus 0000:00: root bus resource [io  0x0d00-0xffff window]
[    1.061872] pci_bus 0000:00: root bus resource [mem 0x000a0000-0x000bffff window]
[    1.065983] pci_bus 0000:00: root bus resource [mem 0x40000000-0xfdffffff window]
[    1.069099] pci_bus 0000:00: root bus resource [bus 00-ff]
[    1.075609] pci 0000:00:01.1: legacy IDE quirk: reg 0x10: [io  0x01f0-0x01f7]
[    1.080092] pci 0000:00:01.1: legacy IDE quirk: reg 0x14: [io  0x03f6]
[    1.083353] pci 0000:00:01.1: legacy IDE quirk: reg 0x18: [io  0x0170-0x0177]
[    1.086709] pci 0000:00:01.1: legacy IDE quirk: reg 0x1c: [io  0x0376]
[    1.112034] pci 0000:00:07.0: quirk: [io  0x4000-0x403f] claimed by PIIX4 ACPI
[    1.135571] pci 0000:00:07.0: quirk: [io  0x4100-0x410f] claimed by PIIX4 SMB
[    1.160232] ACPI: PCI Interrupt Link [LNKA] (IRQs 5 9 10 *11)
[    1.167068] ACPI: PCI Interrupt Link [LNKB] (IRQs 5 9 *10 11)
[    1.172461] ACPI: PCI Interrupt Link [LNKC] (IRQs 5 *9 10 11)
[    1.176885] ACPI: PCI Interrupt Link [LNKD] (IRQs 5 9 10 *11)
[    1.181792] ACPI: Enabled 2 GPEs in block 00 to 07
[    1.186409] vgaarb: setting as boot device: PCI:0000:00:02.0
[    1.189811] vgaarb: device added: PCI:0000:00:02.0,decodes=io+mem,owns=io+mem,locks=none
[    1.195842] vgaarb: loaded
[    1.197356] vgaarb: bridge control possible 0000:00:02.0
[    1.201321] SCSI subsystem initialized
[    1.204475] ACPI: bus type USB registered
[    1.207124] usbcore: registered new interface driver usbfs
[    1.210745] usbcore: registered new interface driver hub
[    1.214006] usbcore: registered new device driver usb
[    1.217296] PCI: Using ACPI for IRQ routing
[    1.220593] NetLabel: Initializing
[    1.222998] NetLabel:  domain hash size = 128
[    1.225163] NetLabel:  protocols = UNLABELED CIPSOv4
[    1.228070] NetLabel:  unlabeled traffic allowed by default
[    1.230570] amd_nb: Cannot enumerate AMD northbridges
[    1.233379] clocksource: Switched to clocksource kvm-clock
[    1.264996] AppArmor: AppArmor Filesystem Enabled
[    1.267084] pnp: PnP ACPI init
[    1.270448] pnp: PnP ACPI: found 3 devices
[    1.280798] clocksource: acpi_pm: mask: 0xffffff max_cycles: 0xffffff, max_idle_ns: 2085701024 ns
[    1.286107] NET: Registered protocol family 2
[    1.288300] TCP established hash table entries: 8192 (order: 4, 65536 bytes)
[    1.290997] TCP bind hash table entries: 8192 (order: 5, 131072 bytes)
[    1.293734] TCP: Hash tables configured (established 8192 bind 8192)
[    1.296793] UDP hash table entries: 512 (order: 2, 16384 bytes)
[    1.299043] UDP-Lite hash table entries: 512 (order: 2, 16384 bytes)
[    1.301450] NET: Registered protocol family 1
[    1.303654] pci 0000:00:00.0: Limiting direct PCI/PCI transfers
[    1.306835] pci 0000:00:01.0: Activating ISA DMA hang workarounds
[    1.309380] Unpacking initramfs...
[    1.981680] Freeing initrd memory: 14884K
[    1.983910] clocksource: tsc: mask: 0xffffffffffffffff max_cycles: 0x1128b0cf317, max_idle_ns: 440795227453 ns
[    1.988229] platform rtc_cmos: registered platform RTC device (no PNP device found)
[    1.991329] Scanning for low memory corruption every 60 seconds
[    1.993870] audit: initializing netlink subsys (disabled)
[    1.997455] audit: type=2000 audit(1616267920.000:1): initialized
[    2.001004] Initialise system trusted keyring
[    2.004929] HugeTLB registered 2 MB page size, pre-allocated 0 pages
[    2.011463] zbud: loaded
[    2.014164] VFS: Disk quotas dquot_6.6.0
[    2.016337] VFS: Dquot-cache hash table entries: 512 (order 0, 4096 bytes)
[    2.019525] squashfs: version 4.0 (2009/01/31) Phillip Lougher
[    2.024108] fuse init (API version 7.23)
[    2.026699] Key type big_key registered
[    2.028635] Allocating IMA MOK and blacklist keyrings.
[    2.031349] Key type asymmetric registered
[    2.033308] Asymmetric key parser 'x509' registered
[    2.035719] Block layer SCSI generic (bsg) driver version 0.4 loaded (major 249)
[    2.039156] io scheduler noop registered
[    2.040893] io scheduler deadline registered (default)
[    2.044045] io scheduler cfq registered
[    2.046809] pci_hotplug: PCI Hot Plug PCI Core version: 0.5
[    2.050516] pciehp: PCI Express Hot Plug Controller Driver version: 0.4
[    2.054679] ACPI: AC Adapter [AC] (off-line)
[    2.057401] input: Power Button as /devices/LNXSYSTM:00/LNXPWRBN:00/input/input0
[    2.062411] ACPI: Power Button [PWRF]
[    2.065963] input: Sleep Button as /devices/LNXSYSTM:00/LNXSLPBN:00/input/input1
[    2.071680] ACPI: Sleep Button [SLPF]
[    2.075234] ACPI: Battery Slot [BAT0] (battery present)
[    2.078018] GHES: HEST is not enabled!
[    2.080230] Serial: 8250/16550 driver, 32 ports, IRQ sharing enabled
[    2.105048] 00:02: ttyS0 at I/O 0x3f8 (irq = 4, base_baud = 115200) is a 16550A
[    2.120881] Linux agpgart interface v0.103
[    2.124955] loop: module loaded
[    2.127853] scsi host0: ata_piix
[    2.129589] scsi host1: ata_piix
[    2.131434] ata1: PATA max UDMA/33 cmd 0x1f0 ctl 0x3f6 bmdma 0xd000 irq 14
[    2.134698] ata2: PATA max UDMA/33 cmd 0x170 ctl 0x376 bmdma 0xd008 irq 15
[    2.138756] libphy: Fixed MDIO Bus: probed
[    2.140664] tun: Universal TUN/TAP device driver, 1.6
[    2.143678] tun: (C) 1999-2004 Max Krasnyansky <maxk@qualcomm.com>
[    2.147072] PPP generic driver version 2.4.2
[    2.149012] ehci_hcd: USB 2.0 'Enhanced' Host Controller (EHCI) Driver
[    2.152375] ehci-pci: EHCI PCI platform driver
[    2.154614] ehci-platform: EHCI generic platform driver
[    2.156902] ohci_hcd: USB 1.1 'Open' Host Controller (OHCI) Driver
[    2.159547] ohci-pci: OHCI PCI platform driver
[    2.162520] ohci-platform: OHCI generic platform driver
[    2.166428] uhci_hcd: USB Universal Host Controller Interface driver
[    2.169377] i8042: PNP: PS/2 Controller [PNP0303:PS2K,PNP0f03:PS2M] at 0x60,0x64 irq 1,12
[    2.174572] serio: i8042 KBD port at 0x60,0x64 irq 1
[    2.177725] serio: i8042 AUX port at 0x60,0x64 irq 12
[    2.181380] mousedev: PS/2 mouse device common for all mice
[    2.186015] input: AT Translated Set 2 keyboard as /devices/platform/i8042/serio0/input/input2
[    2.190071] rtc_cmos rtc_cmos: rtc core: registered rtc_cmos as rtc0
[    2.193066] rtc_cmos rtc_cmos: alarms up to one day, 114 bytes nvram
[    2.196927] i2c /dev entries driver
[    2.199129] device-mapper: uevent: version 1.0.3
[    2.201939] device-mapper: ioctl: 4.34.0-ioctl (2015-10-28) initialised: dm-devel@redhat.com
[    2.205708] ledtrig-cpu: registered to indicate activity on CPUs
[    2.208459] NET: Registered protocol family 10
[    2.210540] NET: Registered protocol family 17
[    2.212759] Key type dns_resolver registered
[    2.215318] registered taskstats version 1
[    2.217021] Loading compiled-in X.509 certificates
[    2.220073] Loaded X.509 cert 'Build time autogenerated kernel key: 7d89d4973e8e82529e7123890c54abbb198c4f27'
[    2.224864] zswap: loaded using pool lzo/zbud
[    2.229707] Key type trusted registered
[    2.236421] Key type encrypted registered
[    2.238362] AppArmor: AppArmor sha1 policy hashing enabled
[    2.240818] ima: No TPM chip found, activating TPM-bypass!
[    2.243603] ima: Allocated hash algorithm: sha1
[    2.246166] evm: HMAC attrs: 0x1
[    2.248496]   Magic number: 13:770:344
[    2.250280] tty tty61: hash matches
[    2.251897] rtc_cmos rtc_cmos: setting system clock to 2021-03-20 19:18:33 UTC (1616267913)
[    2.255893] BIOS EDD facility v0.16 2004-Jun-25, 0 devices found
[    2.258083] EDD information not available.
[    2.328614] Freeing unused kernel memory: 1496K
[    2.331984] Write protecting the kernel read-only data: 14336k
[    2.335954] Freeing unused kernel memory: 1588K
[    2.338733] Freeing unused kernel memory: 52K
Loading, please wait...
starting version 229
[    2.364375] random: udevadm: uninitialized urandom read (16 bytes read, 5 bits of entropy available)
[    2.370054] random: systemd-udevd: uninitialized urandom read (16 bytes read, 5 bits of entropy available)
[    2.374639] random: systemd-udevd: uninitialized urandom read (16 bytes read, 5 bits of entropy available)
[    2.379041] random: udevadm: uninitialized urandom read (16 bytes read, 5 bits of entropy available)
[    2.384157] random: systemd-udevd: uninitialized urandom read (16 bytes read, 5 bits of entropy available)
[    2.388985] random: systemd-udevd: uninitialized urandom read (16 bytes read, 5 bits of entropy available)
[    2.407909] random: systemd-udevd: uninitialized urandom read (16 bytes read, 5 bits of entropy available)
[    2.417717] random: systemd-udevd: uninitialized urandom read (16 bytes read, 5 bits of entropy available)
[    2.427363] random: udevadm: uninitialized urandom read (16 bytes read, 5 bits of entropy available)
[    2.431543] random: systemd-udevd: uninitialized urandom read (16 bytes read, 5 bits of entropy available)
[    2.605377] e1000: Intel(R) PRO/1000 Network Driver - version 7.3.21-k8-NAPI
[    2.609309] e1000: Copyright (c) 1999-2006 Intel Corporation.
[    2.624164] Fusion MPT base driver 3.04.20
[    2.626389] Copyright (c) 1999-2008 LSI Corporation
[    2.660447] Fusion MPT SPI Host driver 3.04.20
[    2.744708] AVX2 version of gcm_enc/dec engaged.
[    2.747384] AES CTR mode by8 optimization enabled
[    2.862169] input: ImExPS/2 Generic Explorer Mouse as /devices/platform/i8042/serio1/input/input4
[    3.228439] e1000 0000:00:03.0 eth0: (PCI:33MHz:32-bit) 02:96:8e:bc:5b:f3
[    3.231210] e1000 0000:00:03.0 eth0: Intel(R) PRO/1000 Network Connection
[    3.235649] mptbase: ioc0: Initiating bringup
[    3.301799] ioc0: LSI53C1030 A0: Capabilities={Initiator}
[    3.467475] scsi host2: ioc0: LSI53C1030 A0, FwRev=00000000h, Ports=1, MaxQ=256, IRQ=20
[    3.584989] scsi 2:0:0:0: Direct-Access     VBOX     HARDDISK         1.0  PQ: 0 ANSI: 5
[    3.589991] scsi target2:0:0: Beginning Domain Validation
[    3.593790] scsi target2:0:0: Domain Validation skipping write tests
[    3.596467] scsi target2:0:0: Ending Domain Validation
[    3.598941] scsi target2:0:0: asynchronous
[    3.601634] scsi 2:0:1:0: Direct-Access     VBOX     HARDDISK         1.0  PQ: 0 ANSI: 5
[    3.608713] scsi target2:0:1: Beginning Domain Validation
[    3.683062] scsi target2:0:1: Domain Validation skipping write tests
[    3.686193] scsi target2:0:1: Ending Domain Validation
[    3.695529] scsi target2:0:1: asynchronous
[    3.830303] sd 2:0:0:0: Attached scsi generic sg0 type 0
[    3.832697] sd 2:0:0:0: [sda] 83886080 512-byte logical blocks: (42.9 GB/40.0 GiB)
[    3.861677] sd 2:0:1:0: [sdb] 20480 512-byte logical blocks: (10.5 MB/10.0 MiB)
[    3.865798] sd 2:0:1:0: Attached scsi generic sg1 type 0
[    3.876969] sd 2:0:1:0: [sdb] Write Protect is off
[    3.893997] sd 2:0:1:0: [sdb] Incomplete mode parameter data
[    3.896526] sd 2:0:1:0: [sdb] Assuming drive cache: write through
[    3.920480] sd 2:0:0:0: [sda] Write Protect is off
[    3.930017] sd 2:0:0:0: [sda] Incomplete mode parameter data
[    3.932943] sd 2:0:0:0: [sda] Assuming drive cache: write through
[    3.950291] sd 2:0:1:0: [sdb] Attached SCSI disk
[    3.952744]  sda: sda1
[    3.955714] sd 2:0:0:0: [sda] Attached SCSI disk
[    4.197222] e1000 0000:00:08.0 eth1: (PCI:33MHz:32-bit) 08:00:27:11:b7:e2
[    4.201016] e1000 0000:00:08.0 eth1: Intel(R) PRO/1000 Network Connection
[    4.208648] e1000 0000:00:08.0 enp0s8: renamed from eth1
[    4.212745] e1000 0000:00:03.0 enp0s3: renamed from eth0
Begin: Loading essential drivers ... [    5.899117] md: linear personality registered for level -1
[    5.908792] md: multipath personality registered for level -4
[    5.919680] md: raid0 personality registered for level 0
[    5.932123] md: raid1 personality registered for level 1
[    6.009476] raid6: sse2x1   gen()  3805 MB/s
[    6.077628] raid6: sse2x1   xor()  3076 MB/s
[    6.145697] raid6: sse2x2   gen()  5458 MB/s
[    6.213523] raid6: sse2x2   xor()  3730 MB/s
[    6.281659] raid6: sse2x4   gen()  7322 MB/s
[    6.349541] raid6: sse2x4   xor()  3437 MB/s
[    6.417414] raid6: avx2x1   gen()  8047 MB/s
[    6.485561] raid6: avx2x2   gen() 11330 MB/s
[    6.553461] raid6: avx2x4   gen() 10974 MB/s
[    6.556529] raid6: using algorithm avx2x2 gen() 11330 MB/s
[    6.559125] raid6: using avx2x2 recovery algorithm
[    6.565108] xor: automatically using best checksumming function:
[    6.609813]    avx       : 10159.000 MB/sec
[    6.617150] async_tx: api initialized (async)
[    6.649475] md: raid6 personality registered for level 6
[    6.652201] md: raid5 personality registered for level 5
[    6.654608] md: raid4 personality registered for level 4
[    6.670887] md: raid10 personality registered for level 10
done.
Begin: Running /scripts/init-premount ... done.
Begin: Mounting root file system ... Begin: Running /scripts/local-top ... done.
Begin: Running /scripts/local-premount ... [    6.755170] Btrfs loaded
Scanning for Btrfs filesystems
done.
Warning: fsck not present, so skipping root file system
[    6.915308] EXT4-fs (sda1): mounted filesystem with ordered data mode. Opts: (null)
done.
Begin: Running /scripts/local-bottom ... done.
Begin: Running /scripts/init-bottom ... done.
[    7.506481] systemd[1]: systemd 229 running in system mode. (+PAM +AUDIT +SELINUX +IMA +APPARMOR +SMACK +SYSVINIT +UTMP +LIBCRYPTSETUP +GCRYPT +GNUTLS +ACL +XZ -LZ4 +SECCOMP +BLKID +ELFUTILS +KMOD -IDN)
[    7.515983] systemd[1]: Detected virtualization oracle.
[    7.517613] systemd[1]: Detected architecture x86-64.

Welcome to [1mUbuntu 16.04.7 LTS[0m!

[    7.553699] systemd[1]: Set hostname to <ubuntu-xenial>.
[    7.664414] random: nonblocking pool is initialized
[    8.112489] systemd[1]: Listening on udev Kernel Socket.
[[0;32m  OK  [0m] Listening on udev Kernel Socket.
[    8.119688] systemd[1]: Listening on Journal Socket.
[[0;32m  OK  [0m] Listening on Journal Socket.
[    8.124866] systemd[1]: Listening on Device-mapper event daemon FIFOs.
[[0;32m  OK  [0m] Listening on Device-mapper event daemon FIFOs.
[    8.130170] systemd[1]: Reached target Swap.
[[0;32m  OK  [0m] Reached target Swap.
[    8.134315] systemd[1]: Listening on /dev/initctl Compatibility Named Pipe.
[[0;32m  OK  [0m] Listening on /dev/initctl Compatibility Named Pipe.
[    8.140573] systemd[1]: Listening on fsck to fsckd communication Socket.
[[0;32m  OK  [0m] Listening on fsck to fsckd communication Socket.
[    8.147123] systemd[1]: Reached target System Time Synchronized.
[[0;32m  OK  [0m] Reached target System Time Synchronized.
[    8.151823] systemd[1]: Listening on Journal Socket (/dev/log).
[[0;32m  OK  [0m] Listening on Journal Socket (/dev/log).
[    8.157602] systemd[1]: Listening on Journal Audit Socket.
[[0;32m  OK  [0m] Listening on Journal Audit Socket.
[    8.162493] systemd[1]: Listening on Syslog Socket.
[[0;32m  OK  [0m] Listening on Syslog Socket.
[    8.167478] systemd[1]: Listening on LVM2 poll daemon socket.
[[0;32m  OK  [0m] Listening on LVM2 poll daemon socket.
[    8.171447] systemd[1]: Reached target User and Group Name Lookups.
[[0;32m  OK  [0m] Reached target User and Group Name Lookups.
[    8.181978] systemd[1]: Listening on LVM2 metadata daemon socket.
[[0;32m  OK  [0m] Listening on LVM2 metadata daemon socket.
[    8.189910] systemd[1]: Reached target Encrypted Volumes.
[[0;32m  OK  [0m] Reached target Encrypted Volumes.
[    8.202404] systemd[1]: Created slice System Slice.
[[0;32m  OK  [0m] Created slice System Slice.
[    8.208474] systemd[1]: Starting Uncomplicated firewall...
         Starting Uncomplicated firewall...
[    8.267685] systemd[1]: Starting Load Kernel Modules...
         Starting Load Kernel Modules...
[    8.276929] systemd[1]: Starting File System Check on Root Device...
         Starting File System Check on Root Device...
[    8.287289] systemd[1]: Starting Monitoring of LVM2 mirrors, snapshots etc. using dmeventd or progress polling...
         Starting Monitoring of LVM2 mirrors... dmeventd or progress polling...
[    8.301226] systemd[1]: Mounting Huge Pages File System...
         Mounting Huge Pages File System...
[    8.316508] systemd[1]: Starting Set console keymap...
         Starting Set console keymap...
[    8.328884] systemd[1]: Starting Create list of required static device nodes for the current kernel...
         Starting Create list of required st... nodes for the current kernel...
[    8.347755] systemd[1]: Mounting POSIX Message Queue File System...
         Mounting POSIX Message Queue File System...
[    8.356443] systemd[1]: Created slice system-serial\x2dgetty.slice.
[[0;32m  OK  [0m] Created slice system-serial\x2dgetty.slice.
[    8.370653] systemd[1]: Mounting Debug File System...
         Mounting Debug File System...
[    8.380308] systemd[1]: Starting Nameserver information manager...
         Starting Nameserver information manager...
[    8.397181] systemd[1]: Started Forward Password Requests to Wall Directory Watch.
[[0;32m  OK  [0m] Started Forward Password Requests to Wall Directory Watch.
[    8.407086] systemd[1]: Listening on udev Control Socket.
[[0;32m  OK  [0m] Listening on udev Control Socket.
[    8.414003] systemd[1]: Set up automount Arbitrary Executable File Formats File System Automount Point.
[[0;32m  OK  [0m] Set up automount Arbitrary Executab...ats File System Automount Point.
[    8.440844] systemd[1]: Starting Journal Service...
         Starting Journal Service...
[    8.456682] systemd[1]: Started Trigger resolvconf update for networkd DNS.
[[0;32m  OK  [0m] Started Trigger resolvconf update for networkd DNS.[    8.466182] Loading iSCSI transport class v2.0-870.

[    8.469675] systemd[1]: Created slice User and Session Slice.
[[0;32m  OK  [0m] Created slice User and Session Slice.
[    8.474664] systemd[1]: Reached target Slices.
[[0;32m  OK  [0m] Reached target Slices.
[    8.483819] systemd[1]: Mounted Huge Pages File System.
[[0;32m  OK  [0m] Mounted Huge Pages File System.
[    8.495683] systemd[1]: Mounted POSIX Message Queue File System.
[[0;32m  OK  [0m] Mounted POSIX Message Queue File System.
[    8.505785] systemd[1]: Mounted Debug File System.
[[0;32m  OK  [0m] Mounted Debug File System.
[    8.513645] systemd[1]: Started Uncomplicated firewall.
[[0;32m  OK  [0m] Started Uncomplicated firewall.
[    8.519952] systemd[1]: Started Create list of required static device nodes for the current kernel.
[    8.528091] iscsi: registered transport (tcp)
[[0;32m  OK  [0m] Started Create list of required sta...ce nodes for the current kernel.
[    8.566244] systemd[1]: Started LVM2 metadata daemon.
[[0;32m  OK  [0m] Started LVM2 metadata daemon.
[    8.576586] systemd[1]: Started File System Check Daemon to report status.
[[0;32m  OK  [0m] Started File System Check Daemon to report status.
[    8.599367] systemd[1]: Starting Create Static Device Nodes in /dev...
         Starting Create Static Device Nodes in /dev...
[    8.621124] systemd[1]: Started File System Check on Root Device.
[[0;32m  OK  [0m] Started File System Check on Root Device.
[    8.638523] systemd[1]: Started Nameserver information manager.
[[0;32m  OK  [0m] Started Nameserver information manager.
[    8.652673] systemd[1]: Starting Remount Root and Kernel File Systems...
         Starting Remount Root and Kernel File Systems...
[    8.709293] EXT4-fs (sda1): re-mounted. Opts: (null)
[    8.723657] systemd[1]: Started Set console keymap.
[[0;32m  OK  [0m] Started Set console keymap.
[    8.738383] systemd[1]: Started Remount Root and Kernel File Systems.
[[0;32m  OK  [0m] Started Remount Root and Kernel File Systems.
[    8.751460] systemd[1]: Starting Load/Save Random Seed...
         Starting Load/Save Random Seed...
[    8.774166] systemd[1]: Starting udev Coldplug all Devices...
         Starting udev Coldplug all Devices...
[    8.798671] systemd[1]: Started Journal Service.
[[0;32m  OK  [0m] Started Journal Service.
         Starting Flush Journal to Persistent Storage...
[[0;32m  OK  [0m] Started Load/Save Random Seed.
[    8.872765] systemd-journald[402]: Received request to flush runtime journal from PID 1
[[0;32m  OK  [0m] Started Flush Journal to Persistent Storage.
[[0;32m  OK  [0m] Started Create Static Device Nodes in /dev.
[[0;32m  OK  [0m] Started Monitoring of LVM2 mirrors,...ng dmeventd or progress polling.
         Starting udev Kernel Device Manager...
[    8.939356] iscsi: registered transport (iser)
[[0;32m  OK  [0m] Reached target Local File Systems (Pre).
         Mounting /vagrant...
[[0;32m  OK  [0m] Reached target Local File Systems.
         Starting Initial cloud-init job (pre-networking)...
         Starting LSB: AppArmor initialization...
         Starting Set console font and keymap...
         Starting Tell Plymouth To Write Out Runtime Data...
         Starting Create Volatile Files and Directories...
[[0;32m  OK  [0m] Started Load Kernel Modules.
[[0;1;31mFAILED[0m] Failed to mount /vagrant.
See 'systemctl status vagrant.mount' for details.
[[0;32m  OK  [0m] Started Tell Plymouth To Write Out Runtime Data.
         Starting Apply Kernel Variables...
         Mounting FUSE Control File System...
[[0;32m  OK  [0m] Mounted FUSE Control File System.
[[0;32m  OK  [0m] Started udev Coldplug all Devices.
[[0;32m  OK  [0m] Started Create Volatile Files and Directories.
[[0;32m  OK  [0m] Started Apply Kernel Variables.
         Starting Update UTMP about System Boot/Shutdown...
[[0;32m  OK  [0m] Started Update UTMP about System Boot/Shutdown.
[[0;32m  OK  [0m] Started udev Kernel Device Manager.
[[0;32m  OK  [0m] Started Dispatch Password Requests to Console Directory Watch.
[[0;32m  OK  [0m] Started LSB: AppArmor initialization.
         Starting Load AppArmor profiles managed internally by snapd...
[[0;32m  OK  [0m] Started Load AppArmor profiles managed internally by snapd.
[[0;32m  OK  [0m] Found device /dev/ttyS0.
[[0;32m  OK  [0m] Listening on Load/Save RF Kill Switch Status /dev/rfkill Watch.
[[0;32m  OK  [0m] Started Set console font and keymap.
[[0;32m  OK  [0m] Created slice system-getty.slice.
[[0;32m  OK  [0m] Found device 82540EM Gigabit Ethern...r (PRO/1000 MT Desktop Adapter).
[[0;32m  OK  [0m] Found device 82540EM Gigabit Ethern...r (PRO/1000 MT Desktop Adapter).
[   12.987480] cloud-init[480]: Cloud-init v. 20.4.1-0ubuntu1~16.04.1 running 'init-local' at Sat, 20 Mar 2021 19:18:44 +0000. Up 12.25 seconds.
[[0;32m  OK  [0m] Started Initial cloud-init job (pre-networking).
[[0;32m  OK  [0m] Reached target Network (Pre).
[[0;32m  OK  [0m] Started ifup for enp0s8.
[[0;32m  OK  [0m] Started ifup for enp0s3.
         Starting Raise network interfaces...
[[0;32m  OK  [0m] Started Raise network interfaces.
[[0;32m  OK  [0m] Reached target Network.
         Starting Initial cloud-init job (metadata service crawler)...
[   15.100793] cloud-init[1094]: Cloud-init v. 20.4.1-0ubuntu1~16.04.1 running 'init' at Sat, 20 Mar 2021 19:18:46 +0000. Up 14.32 seconds.
[   15.104770] cloud-init[1094]: ci-info: ++++++++++++++++++++++++++++++++++++++Net device info+++++++++++++++++++++++++++++++++++++++
[   15.113113] cloud-init[1094]: ci-info: +--------+------+-----------------------------+---------------+--------+-------------------+
[   15.121109] cloud-init[1094]: ci-info: | Device |  Up  |           Address           |      Mask     | Scope  |     Hw-Address    |
[   15.128765] cloud-init[1094]: ci-info: +--------+------+-----------------------------+---------------+--------+-------------------+
[   15.133157] cloud-init[1094]: ci-info: | enp0s3 | True |          10.0.2.15          | 255.255.255.0 | global | 02:96:8e:bc:5b:f3 |
[   15.140728] cloud-init[1094]: ci-info: | enp0s3 | True |  fe80::96:8eff:febc:5bf3/64 |       .       |  link  | 02:96:8e:bc:5b:f3 |
[   15.145676] cloud-init[1094]: ci-info: | enp0s8 | True |          10.80.4.10         | 255.255.255.0 | global | 08:00:27:11:b7:e2 |
[   15.164905] cloud-init[1094]: ci-info: | enp0s8 | True | fe80::a00:27ff:fe11:b7e2/64 |       .       |  link  | 08:00:27:11:b7:e2 |
[   15.172964] cloud-init[1094]: ci-info: |   lo   | True |          127.0.0.1          |   255.0.0.0   |  host  |         .         |
[   15.188730] cloud-init[1094]: ci-info: |   lo   | True |           ::1/128           |       .       |  host  |         .         |
[   15.191705] cloud-init[1094]: ci-info: +--------+------+-----------------------------+---------------+--------+-------------------+
[   15.199428] cloud-init[1094]: ci-info: +++++++++++++++++++++++++++Route IPv4 info++++++++++++++++++++++++++++
[   15.206536] cloud-init[1094]: ci-info: +-------+-------------+----------+---------------+-----------+-------+
[   15.213219] cloud-init[1094]: ci-info: | Route | Destination | Gateway  |    Genmask    | Interface | Flags |
[   15.220698] cloud-init[1094]: ci-info: +-------+-------------+----------+---------------+-----------+-------+
[   15.224099] cloud-init[1094]: ci-info: |   0   |   0.0.0.0   | 10.0.2.2 |    0.0.0.0    |   enp0s3  |   UG  |
[   15.233230] cloud-init[1094]: ci-info: |   1   |   10.0.2.0  | 0.0.0.0  | 255.255.255.0 |   enp0s3  |   U   |
[   15.253574] cloud-init[1094]: ci-info: |   2   |  10.80.4.0  | 0.0.0.0  | 255.255.255.0 |   enp0s8  |   U   |
[[0;32m  OK  [0m] Started Initial cloud-init job (metadata service crawler).
[[0;32m  OK  [0m] Reached target Network is Online.[   15.264943] cloud-init[1094]: ci-info: +-------+-------------+----------+---------------+-----------+-------+
[   15.267344] cloud-init[1094]: ci-info: +++++++++++++++++++Route IPv6 info+++++++++++++++++++

         Starting iSCSI initiator daemon (iscsid)...
[   15.274388] cloud-init[1094]: ci-info: +-------+-------------+---------+-----------+-------+[[0;32m  OK  [0m] Reached target System Initialization.
[[0;32m  OK  [0m] Listening on D-Bus System Message Bus Socket.

[   15.281260] cloud-init[1094]: ci-info: | Route | Destination | Gateway | Interface | Flags |
[   15.284878] cloud-init[1094]: ci-info: +-------+-------------+---------+-----------+-------+
[[0;32m  OK  [0m] Started Daily apt download activities.
[[0;32m  OK  [0m] Listening on UUID daemon activation socket.
[   15.295638] cloud-init[1094]: ci-info: |   0   |  fe80::/64  |    ::   |   enp0s8  |   U   |
[   15.298784] cloud-init[1094]: ci-info: |   1   |  fe80::/64  |    ::   |   enp0s3  |   U   |
[   15.303550] cloud-init[1094]: ci-info: |   4   |   ff00::/8  |    ::   |   enp0s8  |   U   |
[   15.306269] cloud-init[1094]: ci-info: |   5   |   ff00::/8  |    ::   |   enp0s3  |   U   |
[   15.308918] cloud-init[1094]: ci-info: +-------+-------------+---------+-----------+-------+
[[0;32m  OK  [0m] Started ACPI Events Check.
[[0;32m  OK  [0m] Reached target Paths.
         Starting Socket activation for snappy daemon.
[[0;32m  OK  [0m] Listening on ACPID Listen Socket.
[[0;32m  OK  [0m] Started Daily Cleanup of Temporary Directories.
[[0;32m  OK  [0m] Started Daily apt upgrade and clean activities.
         Starting LXD - unix socket.
[[0;32m  OK  [0m] Started Message of the Day.
[[0;32m  OK  [0m] Reached target Timers.
[[0;32m  OK  [0m] Reached target Cloud-config availability.
[[0;32m  OK  [0m] Listening on Socket activation for snappy daemon.
[[0;32m  OK  [0m] Listening on LXD - unix socket.
[[0;32m  OK  [0m] Reached target Sockets.
[[0;32m  OK  [0m] Reached target Basic System.
         Starting LSB: Record successful boot for GRUB...
[[0;32m  OK  [0m] Started FUSE filesystem for LXC.
         Starting LXD - container startup/shutdown...
[[0;32m  OK  [0m] Started D-Bus System Message Bus.
         Starting Login Service...
         Starting LSB: MD monitoring daemon...
[[0;32m  OK  [0m] Started ACPI event daemon.
[[0;32m  OK  [0m] Started Deferred execution scheduler.
[[0;32m  OK  [0m] Started Regular background program processing daemon.
         Starting Accounts Service...
         Starting System Logging Service...
         Starting Virtualbox guest utils...
         Starting Snap Daemon...
         Starting /etc/rc.local Compatibility...
         Starting OpenBSD Secure Shell server...
         Starting MySQL Community Server...
[[0;32m  OK  [0m] Started iSCSI initiator daemon (iscsid).
[[0;32m  OK  [0m] Started /etc/rc.local Compatibility.
         Starting Login to default iSCSI targets...
[[0;32m  OK  [0m] Started Login Service.
[[0;32m  OK  [0m] Started Unattended Upgrades Shutdown.
[[0;32m  OK  [0m] Started System Logging Service.
[[0;32m  OK  [0m] Started LSB: Record successful boot for GRUB.
[[0;32m  OK  [0m] Started Login to default iSCSI targets.
[[0;32m  OK  [0m] Reached target Remote File Systems (Pre).
[[0;32m  OK  [0m] Reached target Remote File Systems.
         Starting LSB: Set the CPU Frequency Scaling governor to "ondemand"...
         Starting LSB: automatic crash report generation...
         Starting Permit User Sessions...
         Starting LSB: daemon to balance interrupts for SMP systems...
[[0;32m  OK  [0m] Started LSB: MD monitoring daemon.
[[0;32m  OK  [0m] Started LSB: Set the CPU Frequency Scaling governor to "ondemand".
[[0;32m  OK  [0m] Started Permit User Sessions.
         Starting Terminate Plymouth Boot Screen...
         Starting Hold until boot process finishes up...
[[0;32m  OK  [0m] Started Hold until boot process finishes up.
[[0;32m  OK  [0m] Started Getty on tty1.
[[0;32m  OK  [0m] Started Serial Getty on ttyS0.
[[0;32m  OK  [0m] Reached target Login Prompts.
         Starting Set console scheme...
[[0;32m  OK  [0m] Started Terminate Plymouth Boot Screen.
[[0;32m  OK  [0m] Started LSB: automatic crash report generation.
[[0;32m  OK  [0m] Started LSB: daemon to balance interrupts for SMP systems.
[[0;32m  OK  [0m] Started Set console scheme.
         Starting Authenticate and Authorize Users to Run Privileged Tasks...
[[0;32m  OK  [0m] Started OpenBSD Secure Shell server.
[[0;32m  OK  [0m] Started Authenticate and Authorize Users to Run Privileged Tasks.
[[0;32m  OK  [0m] Started Accounts Service.
[[0;32m  OK  [0m] Started Virtualbox guest utils.
[[0;32m  OK  [0m] Started LXD - container startup/shutdown.
[[0;32m  OK  [0m] Created slice User Slice of vagrant.
         Starting User Manager for UID 1000...
[[0;32m  OK  [0m] Started Session 1 of user vagrant.
[[0;32m  OK  [0m] Started User Manager for UID 1000.
[[0;32m  OK  [0m] Started Snap Daemon.
         Starting Wait until snapd is fully seeded...
[[0;32m  OK  [0m] Started Wait until snapd is fully seeded.
         Starting Apply the settings specified in cloud-config...
[   20.876972] cloud-init[1410]: Cloud-init v. 20.4.1-0ubuntu1~16.04.1 running 'modules:config' at Sat, 20 Mar 2021 19:18:52 +0000. Up 20.41 seconds.
[[0;32m  OK  [0m] Started Apply the settings specified in cloud-config.

Ubuntu 16.04.7 LTS ubuntu-xenial ttyS0

ubuntu-xenial login: [   23.689307] cloud-init[1533]: Cloud-init v. 20.4.1-0ubuntu1~16.04.1 running 'modules:final' at Sat, 20 Mar 2021 19:18:54 +0000. Up 23.08 seconds.
[   23.692085] cloud-init[1533]: Cloud-init v. 20.4.1-0ubuntu1~16.04.1 finished at Sat, 20 Mar 2021 19:18:55 +0000. Datasource DataSourceNoCloud [seed=/dev/sdb][dsmode=net].  Up 23.67 seconds
[[0;32m  OK  [0m] Stopped Unattended Upgrades Shutdown.
[[0;32m  OK  [0m] Stopped target Cloud-init target.
[[0;32m  OK  [0m] Stopped target Graphical Interface.
         Stopping ACPI event daemon...
[[0;32m  OK  [0m] Stopped Execute cloud user/final scripts.
[[0;32m  OK  [0m] Stopped Apply the settings specified in cloud-config.
[[0;32m  OK  [0m] Stopped target Cloud-config availability.
[[0;32m  OK  [0m] Stopped target Multi-User System.
[[0;32m  OK  [0m] Stopped Wait until snapd is fully seeded.
         Stopping LSB: MD monitoring daemon...
         Stopping D-Bus System Message Bus...
         Stopping LSB: Set the CPU Frequency Scaling governor to "ondemand"...
         Stopping Deferred execution scheduler...
         Stopping System Logging Service...
         Stopping LSB: daemon to balance interrupts for SMP systems...
         Stopping User Manager for UID 1000...
         Stopping Virtualbox guest utils...
         Stopping LXD - container startup/shutdown...
         Stopping Accounts Service...
         Stopping OpenBSD Secure Shell server...
         Stopping MySQL Community Server...
         Stopping FUSE filesystem for LXC...
         Stopping Session 2 of user vagrant.
[[0;32m  OK  [0m] Stopped target Login Prompts.
         Stopping Getty on tty1...
         Stopping Serial Getty on ttyS0...
         Stopping LSB: automatic crash report generation...
         Stopping LSB: Record successful boot for GRUB...
[[0;32m  OK  [0m] Closed Load/Save RF Kill Switch Status /dev/rfkill Watch.
         Stopping Regular background program processing daemon...
[[0;32m  OK  [0m] Stopped target Timers.
[[0;32m  OK  [0m] Stopped Daily Cleanup of Temporary Directories.
[[0;32m  OK  [0m] Stopped Message of the Day.
[[0;32m  OK  [0m] Stopped Daily apt upgrade and clean activities.
[[0;32m  OK  [0m] Stopped Daily apt download activities.
[[0;32m  OK  [0m] Stopped target System Time Synchronized.
         Stopping Authenticate and Authorize Users to Run Privileged Tasks...
         Unmounting /vagrant...
[[0;32m  OK  [0m] Unmounted /var/lib/lxcfs.
[[0;32m  OK  [0m] Stopped ACPI event daemon.
[[0;32m  OK  [0m] Stopped Deferred execution scheduler.
[[0;32m  OK  [0m] Stopped Regular background program processing daemon.
[[0;32m  OK  [0m] Stopped Accounts Service.
[[0;32m  OK  [0m] Stopped System Logging Service.
[[0;32m  OK  [0m] Stopped Getty on tty1.
[[0;32m  OK  [0m] Stopped Serial Getty on ttyS0.
[[0;32m  OK  [0m] Stopped Authenticate and Authorize Users to Run Privileged Tasks.
[[0;32m  OK  [0m] Stopped OpenBSD Secure Shell server.
[[0;32m  OK  [0m] Stopped User Manager for UID 1000.
[[0;32m  OK  [0m] Stopped D-Bus System Message Bus.
[[0;32m  OK  [0m] Stopped Session 2 of user vagrant.
[[0;32m  OK  [0m] Unmounted /vagrant.
[[0;32m  OK  [0m] Stopped FUSE filesystem for LXC.
[[0;32m  OK  [0m] Stopped LXD - container startup/shutdown.
[[0;32m  OK  [0m] Stopped LSB: MD monitoring daemon.
[[0;32m  OK  [0m] Stopped LSB: Set the CPU Frequency Scaling governor to "ondemand".
[[0;32m  OK  [0m] Stopped LSB: automatic crash report generation.
[[0;32m  OK  [0m] Removed slice User Slice of vagrant.
         Stopping Login Service...
[[0;32m  OK  [0m] Removed slice system-serial\x2dgetty.slice.
[[0;32m  OK  [0m] Stopped /etc/rc.local Compatibility.
[[0;32m  OK  [0m] Removed slice system-getty.slice.
         Stopping Permit User Sessions...
[[0;32m  OK  [0m] Stopped Login Service.
[[0;32m  OK  [0m] Stopped LSB: Record successful boot for GRUB.
[[0;32m  OK  [0m] Stopped Permit User Sessions.
[[0;32m  OK  [0m] Stopped LSB: daemon to balance interrupts for SMP systems.
[[0;32m  OK  [0m] Stopped target Remote File Systems.
[[0;32m  OK  [0m] Stopped target Remote File Systems (Pre).
         Stopping Login to default iSCSI targets...
[[0;32m  OK  [0m] Stopped target User and Group Name Lookups.
[[0;32m  OK  [0m] Stopped Virtualbox guest utils.
[[0;32m  OK  [0m] Stopped Login to default iSCSI targets.
         Stopping iSCSI initiator daemon (iscsid)...
[[0;32m  OK  [0m] Stopped iSCSI initiator daemon (iscsid).
[[0;32m  OK  [0m] Stopped target Network is Online.
[[0;32m  OK  [0m] Stopped MySQL Community Server.
[[0;32m  OK  [0m] Stopped target Basic System.
[[0;32m  OK  [0m] Stopped target Slices.
[[0;32m  OK  [0m] Removed slice User and Session Slice.
[[0;32m  OK  [0m] Stopped target Sockets.
[[0;32m  OK  [0m] Closed Socket activation for snappy daemon.
[[0;32m  OK  [0m] Closed LXD - unix socket.
[[0;32m  OK  [0m] Closed ACPID Listen Socket.
[[0;32m  OK  [0m] Closed UUID daemon activation socket.
[[0;32m  OK  [0m] Closed D-Bus System Message Bus Socket.
[[0;32m  OK  [0m] Closed Syslog Socket.
[[0;32m  OK  [0m] Stopped target Paths.
[[0;32m  OK  [0m] Stopped Forward Password Requests to Wall Directory Watch.
[[0;32m  OK  [0m] Stopped Dispatch Password Requests to Console Directory Watch.
[[0;32m  OK  [0m] Stopped ACPI Events Check.
[[0;32m  OK  [0m] Stopped target Network.
[[0;32m  OK  [0m] Stopped target System Initialization.
[[0;32m  OK  [0m] Stopped Create Volatile Files and Directories.
[[0;32m  OK  [0m] Stopped target Swap.
         Stopping Load/Save Random Seed...
[[0;32m  OK  [0m] Stopped Initial cloud-init job (metadata service crawler).
         Stopping Raise network interfaces...
[[0;32m  OK  [0m] Stopped target Encrypted Volumes.
[[0;32m  OK  [0m] Stopped Load/Save Random Seed.
[[0;32m  OK  [0m] Stopped Raise network interfaces.
[[0;32m  OK  [0m] Stopped target Network (Pre).
[[0;32m  OK  [0m] Stopped Initial cloud-init job (pre-networking).
[[0;32m  OK  [0m] Stopped target Local File Systems.
         Unmounting /run/user/1000...
[[0;32m  OK  [0m] Stopped Apply Kernel Variables.
[[0;32m  OK  [0m] Stopped Load Kernel Modules.
[[0;32m  OK  [0m] Unmounted /run/user/1000.
[[0;32m  OK  [0m] Reached target Unmount All Filesystems.
[[0;32m  OK  [0m] Stopped target Local File Systems (Pre).
[[0;32m  OK  [0m] Stopped Create Static Device Nodes in /dev.
         Stopping Monitoring of LVM2 mirrors... dmeventd or progress polling...
[[0;32m  OK  [0m] Stopped Remount Root and Kernel File Systems.
[[0;32m  OK  [0m] Reached target Shutdown.
[ 2028.704760] reboot: Power down
